<?xml version="1.0" encoding="UTF-8"?>
<!-- Generated by org.testng.reporters.JUnitReportReporter -->
<testsuite skipped="0" hostname="Srinath" name="testng.Demo1" tests="4" failures="0" timestamp="19 Jun 2018 05:33:29 GMT" time="0.016" errors="0">
  <testcase name="createUser" time="0.010" classname="testng.Demo1"/>
  <testcase name="createUser" time="0.002" classname="testng.Demo1"/>
  <testcase name="deleteUser" time="0.002" classname="testng.Demo1"/>
  <testcase name="deleteUser" time="0.002" classname="testng.Demo1"/>
</testsuite> <!-- testng.Demo1 -->
